<?xml version="1.0" encoding="UTF-8"?>
<testsuites name="Mocha Tests" time="13.373" tests="2" failures="0">
  <testsuite name="Root Suite" timestamp="2024-12-24T15:53:34" tests="0" file="cypress/e2e/tests/RegistrationTest.cy.js" time="0.000" failures="0">
  </testsuite>
  <testsuite name="Account Registration" timestamp="2024-12-24T15:53:34" tests="2" time="13.323" failures="0">
    <testcase name="Account Registration should register the new user" time="8.148" classname="should register the new user">
    </testcase>
    <testcase name="Account Registration should validate the error messages for missing input fields" time="4.123" classname="should validate the error messages for missing input fields">
    </testcase>
  </testsuite>
</testsuites>