<?xml version="1.0" encoding="UTF-8"?>
<testsuites name="Mocha Tests" time="36.083" tests="3" failures="0">
  <testsuite name="Root Suite" timestamp="2024-12-24T15:53:53" tests="0" file="cypress/e2e/tests/WishlistTest.cy.js" time="0.000" failures="0">
  </testsuite>
  <testsuite name="adding and removing products from wishlist" timestamp="2024-12-24T15:53:53" tests="0" time="0.000" failures="0">
  </testsuite>
  <testsuite name="logged-in user" timestamp="2024-12-24T15:53:53" tests="2" time="33.980" failures="0">
    <testcase name="adding and removing products from wishlist logged-in user should validate the success message for product added to wishlist" time="7.505" classname="should validate the success message for product added to wishlist">
    </testcase>
    <testcase name="adding and removing products from wishlist logged-in user should validate the presence of product in wishlist" time="6.676" classname="should validate the presence of product in wishlist">
    </testcase>
  </testsuite>
  <testsuite name="logged-out user" timestamp="2024-12-24T15:54:27" tests="1" time="2.052" failures="0">
    <testcase name="adding and removing products from wishlist logged-out user should validate the error message for product added to wishlist" time="1.933" classname="should validate the error message for product added to wishlist">
    </testcase>
  </testsuite>
</testsuites>