<?xml version="1.0" encoding="UTF-8"?>
<testsuites name="Mocha Tests" time="11.177" tests="3" failures="0">
  <testsuite name="Root Suite" timestamp="2024-12-24T15:52:53" tests="0" file="cypress/e2e/tests/ProductDataTest.cy.js" time="0.000" failures="0">
  </testsuite>
  <testsuite name="product details and search" timestamp="2024-12-24T15:52:53" tests="3" time="11.154" failures="0">
    <testcase name="product details and search should validate all the products presence in store" time="6.373" classname="should validate all the products presence in store">
    </testcase>
    <testcase name="product details and search should validate the product data on products search page" time="1.286" classname="should validate the product data on products search page">
    </testcase>
    <testcase name="product details and search should validate the product data on product details page" time="3.307" classname="should validate the product data on product details page">
    </testcase>
  </testsuite>
</testsuites>