{
  "stats": {
    "suites": 1,
    "tests": 6,
    "passes": 6,
    "pending": 0,
    "failures": 0,
    "start": "2024-12-25T02:09:48.585Z",
    "end": "2024-12-25T02:09:49.579Z",
    "duration": 994,
    "testsRegistered": 6,
    "passPercent": 100,
    "pendingPercent": 0,
    "other": 0,
    "hasOther": false,
    "skipped": 0,
    "hasSkipped": false
  },
  "results": [
    {
      "uuid": "5891a9c1-f7cf-4f3a-acdb-e743bedfbdb1",
      "title": "",
      "fullFile": "cypress/integration/example_spec.js",
      "file": "cypress/integration/example_spec.js",
      "beforeHooks": [],
      "afterHooks": [],
      "tests": [],
      "suites": [
        {
          "uuid": "8ac6a6c2-bc9a-4577-942a-5ff8fc876563",
          "title": "todos API",
          "fullFile": "",
          "file": "",
          "beforeHooks": [],
          "afterHooks": [],
          "tests": [
            {
              "title": "returns JSON",
              "fullTitle": "todos API returns JSON",
              "timedOut": null,
              "duration": 191,
              "state": "passed",
              "speed": "fast",
              "pass": true,
              "fail": false,
              "pending": false,
              "context": null,
              "code": "cy.request('/todos').its('headers').its('content-type').should('include', 'application/json');",
              "err": {},
              "uuid": "ebc81282-c72b-42f8-a348-081d093cba59",
              "parentUUID": "8ac6a6c2-bc9a-4577-942a-5ff8fc876563",
              "isHook": false,
              "skipped": false
            },
            {
              "title": "loads 2 items",
              "fullTitle": "todos API loads 2 items",
              "timedOut": null,
              "duration": 90,
              "state": "passed",
              "speed": "fast",
              "pass": true,
              "fail": false,
              "pending": false,
              "context": null,
              "code": "cy.request('/todos').its('body').should('have.length', 2);",
              "err": {},
              "uuid": "0ac72f9b-1f24-494c-9d0a-7852788826e2",
              "parentUUID": "8ac6a6c2-bc9a-4577-942a-5ff8fc876563",
              "isHook": false,
              "skipped": false
            },
            {
              "title": "loads the initial items",
              "fullTitle": "todos API loads the initial items",
              "timedOut": null,
              "duration": 78,
              "state": "passed",
              "speed": "fast",
              "pass": true,
              "fail": false,
              "pending": false,
              "context": null,
              "code": "getItems().should('deep.eq', initialItems);",
              "err": {},
              "uuid": "b1272984-38f3-4b9d-b095-b7235f595d26",
              "parentUUID": "8ac6a6c2-bc9a-4577-942a-5ff8fc876563",
              "isHook": false,
              "skipped": false
            },
            {
              "title": "returns id + task objects",
              "fullTitle": "todos API returns id + task objects",
              "timedOut": null,
              "duration": 84,
              "state": "passed",
              "speed": "fast",
              "pass": true,
              "fail": false,
              "pending": false,
              "context": null,
              "code": "getItems().each(value => expect(value).to.have.all.keys('id', 'task'));",
              "err": {},
              "uuid": "87b7fec4-197a-4e7d-8c8a-9460f8e05d6d",
              "parentUUID": "8ac6a6c2-bc9a-4577-942a-5ff8fc876563",
              "isHook": false,
              "skipped": false
            },
            {
              "title": "adds an item",
              "fullTitle": "todos API adds an item",
              "timedOut": null,
              "duration": 77,
              "state": "passed",
              "speed": "fast",
              "pass": true,
              "fail": false,
              "pending": false,
              "context": null,
              "code": "const randomId = Cypress._.random(0, 10000);\nconst item = {\n  id: randomId,\n  task: 'life'\n};\nadd(item);\ncy.request(`/todos/${randomId}`).its('body').should('deep.eq', item);",
              "err": {},
              "uuid": "adb7be04-45e2-457c-a7b6-709e0d2c0d4b",
              "parentUUID": "8ac6a6c2-bc9a-4577-942a-5ff8fc876563",
              "isHook": false,
              "skipped": false
            },
            {
              "title": "deletes an item",
              "fullTitle": "todos API deletes an item",
              "timedOut": null,
              "duration": 95,
              "state": "passed",
              "speed": "fast",
              "pass": true,
              "fail": false,
              "pending": false,
              "context": null,
              "code": "const id = initialItems[0].id;\ncy.request('DELETE', `/todos/${id}`);\ngetItems().should('have.length', 1);",
              "err": {},
              "uuid": "8cfed772-b19e-4304-b597-8865e98df13d",
              "parentUUID": "8ac6a6c2-bc9a-4577-942a-5ff8fc876563",
              "isHook": false,
              "skipped": false
            }
          ],
          "suites": [],
          "passes": [
            "ebc81282-c72b-42f8-a348-081d093cba59",
            "0ac72f9b-1f24-494c-9d0a-7852788826e2",
            "b1272984-38f3-4b9d-b095-b7235f595d26",
            "87b7fec4-197a-4e7d-8c8a-9460f8e05d6d",
            "adb7be04-45e2-457c-a7b6-709e0d2c0d4b",
            "8cfed772-b19e-4304-b597-8865e98df13d"
          ],
          "failures": [],
          "pending": [],
          "skipped": [],
          "duration": 615,
          "root": false,
          "rootEmpty": false,
          "_timeout": 2000
        }
      ],
      "passes": [],
      "failures": [],
      "pending": [],
      "skipped": [],
      "duration": 0,
      "root": true,
      "rootEmpty": true,
      "_timeout": 2000
    }
  ],
  "meta": {
    "mocha": {
      "version": "7.0.1"
    },
    "mochawesome": {
      "options": {
        "quiet": true,
        "reportFilename": "report",
        "saveHtml": true,
        "saveJson": true,
        "consoleReporter": "spec",
        "useInlineDiffs": false,
        "code": true
      },
      "version": "7.1.3"
    },
    "marge": {
      "options": {
        "reportDir": "cypress/reports",
        "reportFilename": "report",
        "quiet": true,
        "overwrite": false,
        "html": true,
        "json": true
      },
      "version": "6.2.0"
    }
  }
}